<?xml version="1.0"?>
<testsuites>
  <testsuite name="PhantomJS 1.9 (Mac)" package="" timestamp="2013-10-11T14:09:36" id="0" hostname="MathBook Pro" tests="1" errors="0" failures="1" time="0.012">
    <properties>
      <property name="browser.fullName" value="Mozilla/5.0 (Macintosh; PPC Mac OS X) AppleWebKit/534.34 (KHTML, like Gecko) PhantomJS/1.9.2 Safari/534.34"/>
    </properties>
    <testcase name="should make a call to assays rest service" time="0.012" classname="PhantomJS 1.9 (Mac).Controller: CreateAssayCtrl generateId">
      <failure type="">Expected { id : 1 } to be 1.
</failure>
    </testcase>
    <system-out><![CDATA[
]]></system-out>
    <system-err/>
  </testsuite>
</testsuites>
